[22:05:21] [ServerMain/INFO]: Environment: Environment[sessionHost=https://sessionserver.mojang.com, servicesHost=https://api.minecraftservices.com, name=PROD]
[22:05:23] [ServerMain/INFO]: Loaded 1337 recipes
[22:05:23] [ServerMain/INFO]: Loaded 1448 advancements
[22:05:23] [Server thread/INFO]: Starting minecraft server version 1.21.3
[22:05:23] [Server thread/INFO]: Loading properties
[22:05:23] [Server thread/INFO]: Default game type: SURVIVAL
[22:05:23] [Server thread/INFO]: Generating keypair
[22:05:23] [Server thread/INFO]: Starting Minecraft server on *:25565
[22:05:23] [Server thread/INFO]: Using epoll channel type
[22:05:23] [Server thread/WARN]: **** SERVER IS RUNNING IN OFFLINE/INSECURE MODE!
[22:05:23] [Server thread/WARN]: The server will make no attempt to authenticate usernames. Beware.
[22:05:23] [Server thread/WARN]: While this makes the game possible to play without internet access, it also opens up the ability for hackers to connect with any username they choose.
[22:05:23] [Server thread/WARN]: To change this, set "online-mode" to "true" in the server.properties file.
[22:05:23] [Server thread/INFO]: Preparing level "world"
[22:05:23] [Server thread/INFO]: Preparing start region for dimension minecraft:overworld
[22:05:26] [Worker-Main-2/INFO]: Preparing spawn area: 0%
[22:05:26] [Worker-Main-2/INFO]: Preparing spawn area: 0%
[22:05:26] [Worker-Main-2/INFO]: Preparing spawn area: 0%
[22:05:26] [Worker-Main-2/INFO]: Preparing spawn area: 0%
[22:05:26] [Worker-Main-2/INFO]: Preparing spawn area: 0%
[22:05:26] [Worker-Main-2/INFO]: Preparing spawn area: 0%
[22:05:26] [Server thread/INFO]: Time elapsed: 2660 ms
[22:05:26] [Server thread/INFO]: Done (2.956s)! For help, type "help"
[22:05:32] [Server thread/WARN]: Ignored advancement 'minecraft:recipes/transportation/pale_oak_boat' in progress file ./world/advancements/bcac7074-b151-3804-a86a-df23b7eb3495.json - it doesn't exist anymore?
[22:05:32] [Server thread/ERROR]: Tried to load unrecognized recipe: ResourceKey[minecraft:recipe / minecraft:pale_oak_boat] removed now.
[22:05:32] [Server thread/ERROR]: Tried to load unrecognized recipe: ResourceKey[minecraft:recipe / minecraft:pale_oak_boat] removed now.
[22:05:32] [Server thread/INFO]: esteban20060[/127.81.18.233:33533] logged in with entity id 32 at (2331.300000011921, 62.9375, 355.4877826594571)
[22:05:32] [Server thread/INFO]: esteban20060 joined the game
[22:06:46] [Server thread/INFO]: Made esteban20060 a server operator
[22:07:00] [Server thread/WARN]: Ignored advancement 'minecraft:recipes/transportation/pale_oak_boat' in progress file ./world/advancements/4176530a-87b8-3598-9584-1f30843c8779.json - it doesn't exist anymore?
[22:07:00] [Server thread/ERROR]: Tried to load unrecognized recipe: ResourceKey[minecraft:recipe / minecraft:pale_oak_boat] removed now.
[22:07:00] [Server thread/ERROR]: Tried to load unrecognized recipe: ResourceKey[minecraft:recipe / minecraft:pale_oak_boat] removed now.
[22:07:00] [Server thread/INFO]: _mario___[/127.88.26.38:52099] logged in with entity id 404 at (2329.699999988079, 64.0, 360.69180063826246)
[22:07:00] [Server thread/INFO]: _mario___ joined the game
[22:07:15] [Server thread/INFO]: [esteban20060: Set own game mode to Creative Mode]
[22:07:22] [Server thread/INFO]: [esteban20060: Set own game mode to Survival Mode]
[22:08:55] [Server thread/INFO]: _mario___ has made the advancement [We Need to Go Deeper]
[22:10:42] [Server thread/INFO]: _mario___ lost connection: Disconnected
[22:10:42] [Server thread/INFO]: _mario___ left the game
[22:11:04] [Server thread/INFO]: _mario___[/127.88.26.38:39841] logged in with entity id 1410 at (316.71298567328967, 75.29566995800063, 67.05609384078527)
[22:11:04] [Server thread/INFO]: _mario___ joined the game
[22:11:04] [Server thread/INFO]: [esteban20060: Teleported _mario___ to esteban20060]
[22:14:56] [Server thread/INFO]: esteban20060 lost connection: Disconnected
[22:14:56] [Server thread/INFO]: esteban20060 left the game
[22:15:01] [Server thread/INFO]: esteban20060[/127.81.18.233:49857] logged in with entity id 2504 at (83.65954946727138, 54.0, 235.502235038104)
[22:15:01] [Server thread/INFO]: esteban20060 joined the game
[22:16:31] [Server thread/INFO]: _mario___ has made the advancement [Those Were the Days]
[22:16:47] [Server thread/INFO]: _mario___ has made the advancement [War Pigs]
[22:17:49] [Server thread/WARN]: Mismatch in destroy block pos: jh{x=148, y=43, z=426} jh{x=112, y=49, z=465}
[22:17:59] [Server thread/WARN]: Mismatch in destroy block pos: jh{x=110, y=50, z=468} jh{x=110, y=49, z=468}
[22:19:40] [Server thread/INFO]: _mario___ lost connection: Disconnected
[22:19:40] [Server thread/INFO]: _mario___ left the game
[22:19:46] [Server thread/INFO]: esteban20060 has completed the challenge [Hot Tourist Destinations]
[22:21:53] [Server thread/INFO]: _mario___[/127.88.26.38:39779] logged in with entity id 4483 at (120.78033559573508, 67.875, 176.79092980830518)
[22:21:53] [Server thread/INFO]: _mario___ joined the game
[22:29:33] [Server thread/INFO]: esteban20060 has made the advancement [Those Were the Days]
[22:29:52] [Server thread/INFO]: esteban20060 has made the advancement [War Pigs]
[22:30:05] [Server thread/INFO]: _mario___ has made the advancement [Take Aim]
[22:30:21] [Server thread/INFO]: [esteban20060: Teleported _mario___ to esteban20060]
[22:30:47] [Server thread/INFO]: _mario___ has made the advancement [Hidden in the Depths]
[22:32:32] [Server thread/WARN]: Mismatch in destroy block pos: jh{x=-576, y=44, z=437} jh{x=-576, y=43, z=438}
[22:32:32] [Server thread/WARN]: Mismatch in destroy block pos: jh{x=-576, y=44, z=437} jh{x=-576, y=43, z=438}
[22:33:52] [Server thread/INFO]: esteban20060 has made the advancement [Oh Shiny]
